
amigapic.c:
"jimk.h"
"jiff.h"
"crop.h"
"BMHD"
"%d x %d   at   %d x %d   %d planes"
"CMAP"
"BODY"
"No body - a color file perhaps?"
"FORM"
"ILBM"
"File isn't an IFF ILBM."
"Amiga file already open"

bfile.c:
"jimk.h"

blit.c:

brush.c:
"jimk.h"
"flicmenu.h"

cel.c:
"jimk.h"
" %d %d (%d %d)"

choices.c:
"jimk.h"
"flicmenu.h"
"%c %s"

comprs.c:

cpack.c:
"jimk.h"
"flicmenu.h"
"Pass %d threshold %d"
"Final Pass threshold %d"

crop.c:
"jimk.h"
"fli.h"
"jiff.h"
"vcomp.h"
"crop.h"
"Load TARGA compatible file?"
".TGA"
"Load PC Paintbrush compatible file?"
".PCX"
"Load GIF file?"
".GIF"
"Save GIF file"
".GIF"
"Load Amiga .RIF (Zoetrope) file?"
".RIF"
"Load Autodesk Animator FLIC?"
".FLI"
"Load MacPaint format picture?"
".MAC"
"Load Amiga/Dpaint format IFF ILBM Picture?"
".LBM"
"Load Atari ST CYBER SEQ file?"
".SEQ"
"Save FLIC for Autodesk Animator?"
".FLI"

croppull.c:
"jimk.h"
"flicmenu.h"
"crop.h"
"Save Gif"
"--------------"
"Load GIF"
"Load PCX"
"Load Macintosh"
"Load ST"
"Load AMIGA"
"Load TARGA"
"PIC"
"Save FLIC"
"View"
"Load FLIC"
"Load ST"
"Load AMIGA"
"FLIC"
"Quit"
"---------"
"Slide"
"Move"
"Scale"
"Memory"
"About"
"CONVERTER"

cursorda.c:
"jimk.h"
"flicmenu.h"

decoder.c:
"jimk.h"
"gif.h"
"characters"
"character"
"character"

diskerr.c:

dosstuff.c:

fccomp.c:
"jimk.h"
"skip"

feelmenu.c:
"jimk.h"
"flicmenu.h"

filedata.c:
"jimk.h"
"flicmenu.h"
"Cancel"
"OK"
"+"
"N:"
"M:"
"L:"
"K:"
"J:"
"I:"
"H:"
"G:"
"F:"
"E:"
"D:"
"C:"
"B:"
"A:"
".."
"\\"
"*.*"
"Wildcard:"
"r:"
"Dir:"
"zippy"
"File:"

filemenu.c:
"jimk.h"
"flicmenu.h"
"*.*"
"\\"
"\\"
"*%s"
"%s%s"
"*.*"
"\\"
""
"\\"
"%2ld"
"%c:\\%s"
"*%s"

fli.c:
"jimk.h"
"fli.h"
"Isn't a FLI file, sorry"
"Bad magic! Not a FLI frame."

gfx.c:
"jimk.h"
"signed scale by"

gif.c:
"jimk.h"
"gif.h"
"crop.h"
"Not a good GIF file"
"Unknown GIF revision, sorry"
"Already opened GIF"

globals.c:
"jimk.h"
"fli.h"
"flicmenu.h"
""
"untitled"
"GEM6X6"

init.c:
"jimk.h"
"aa.cfg"
"Not a VGA/MCGA display, sorry\n"

initcmap.c:
"jimk.h"

input.c:
"jimk.h"
"Cant find the mouse, sorry, aborting\n"

jfile.c:
"jimk.h"
"Sorry Converter can't create:"
"Sorry Converter can't find:"
""
"File truncated!"
"Overwrite old"
"%s?"
"File mangled:"
"Abort multiple-frame rendering"
"on frame %u of %u?"

lccomp.c:
"jimk.h"
"skip"

macpic.c:
"jimk.h"
"crop.h"
"Mac file already open"
"grey"
"%3d of 720"
"  0 of %d"
"grey"
"grey"
"grey"

main.c:
"jimk.h"
"flicmenu.h"
"   Quit Converter?   "
"Converter - a utility for bringing"
"artwork from other programs"
"into the Autodesk Animator."
""
"Copyright 1989 Dancing Flame,"
"San Francisco."
"Eval #1 - 6/1/89"
"Converter - memory usage"
"%ld bytes free"
""
"%ld largest"

memory.c:
"jimk.h"
"Out of Memory"
"%x bad START_COOKIE %lx\n"
"%x bad END_COOKIE %lx\n"
"Zero memory request!"

mouse.c:

names.c:
"jimk.h"

pcx.c:
"jimk.h"
"crop.h"
"This isn't a type of .PCX file"
"Converter understands.  Possibly the"
"file is damaged or a new revision."
"Already opened PCX"

pull.c:
"windowing"
"jimk.h"
"flicmenu.h"
"menu"

qnumber.c:
"jimk.h"
"flicmenu.h"
"gemfont.h"
"cancel"
"ok"
"%d"

readrif.c:
"jimk.h"
"jiff.h"
"vcomp.h"
"RIFF"
"Not a RIFF file."
"File not 320x200."
"VRUN"
"Expecting a VRUN here..."

rfont.c:
"jimk.h"
"rfont.h"
"gemfont.h"

rgbcmap.c:
"jimk.h"
"crop.h"
"%ld colors in picture"
"Making color histogram"
"%3d of %d"
"Fitting to color map"
"%3d of %d"

scale.c:
"jimk.h"
"crop.h"
"red"
"green"
"blue"
"%3d"
"%3d"
"Y-scale %s component "
"%3d of %d"
"X - scaling line"
"%3d of %d"
"Set Width        %3d"
"Set Height       %3d"
"Default      320x200"
"Correct Aspect Ratio"
"Revert       %3dx%3d"
"%s Dither"
"*"
" "
"Render"
"Exit Menu"
"Scale..."
"Set destination width"
"Set destination height"

screen.c:
"jimk.h"

scroller.c:
"jimk.h"
"flicmenu.h"

seeme.c:
"jimk.h"
"flicmenu.h"
"gemfont.h"
"%d"

seemenu.c:
"jimk.h"
"flicmenu.h"
"%d"

seq.c:
"jimk.h"
"seq.h"
"Not a Cyber SEQ file"
"Seq already open"
"Bad Cel Magic! File Damaged!"
"Width %d height %d sbpr %d"

sixhi.c:
"jimk.h"
"gemfont.h"
"6x6 system font"

slide.c:
"jimk.h"
"crop.h"
"Slide with Mouse"
"Set X        %3d"
"Set Y        %3d"
"Set Frames   %3d"
"%s Complete"
"*"
" "
"Preview"
"Render and Save"
"Exit Menu"
"Slide..."
"Set x slide"
"Set y slide"
"Set frame count"
"Save sliding background FLIC?"
".FLI"

slider.c:
"jimk.h"
"flicmenu.h"
"%d"

stpic.c:
"jimk.h"
"crop.h"
"seq.h"
".NEO"
".PI1"
".PI2"
".PI3"
".PC1"
".PC2"
".PC3"
"Load Neochrome (.NEO)"
"Load Degas Lo Res (.PI1)"
"Load Degas Med Res (.PI2)"
"Load Degas High Res (.PI3)"
"Load Degas Elite Lo Res (.PC1)"
"Load Degas Elite Med Res (.PC2)"
"Load Degas Elite High Res (.PC3)"
"CANCEL"
"Not a good %s file"
"Load an Atari ST still picture?"
"Already opened ST file!"

stringq.c:
"jimk.h"
"flicmenu.h"
" "

stubs.c:
"jimk.h"
"Not enough memory for Converter, sorry"

summa.c:
"jimk.h"

textbox.c:
"jimk.h"
"flicmenu.h"
"gadget"
"box"
"Continue"
"Yes"
"No"

unrif.c:
"jimk.h"

vision.c:
"jimk.h"
"crop.h"
"img.h"
"This file doesn't seem to be"
"Targa compatable.  It isn't"
"16, 24, or 32 bit a pixel."
"Unknown compression type"
"Sorry, can't deal with Interleave"
"I'm over by %d"
" %3d of %d"
" Making histogram"
" %3d of %d"
" %3d "
" %3d of %d"
" %3d "
"Already opened TARGA/VISION file"
" Scaling along X"
"%3d of %d"

wordwrap.c:
"jimk.h"
"gemfont.h"
"text.h"
" "

writefli.c:
"jimk.h"
"fli.h"

writegif.c:
"jimk.h"
"gif.h"
"crop.h"
"GIF87a"
