ANSI.A8
ARCHP14.FNT
ARCHP36.FNT
BARREL06.FNT
BARREL08.FNT
BARREL10.FNT
BARREL12.FNT
BARREL14.FNT
BARREL16.FNT
BARREL18.FNT
BARREL20.FNT
BLOCK20.FNT
CALIGR06.FNT
CALIGR08.FNT
CALIGR10.FNT
CALIGR12.FNT
CALIGR14.FNT
CALIGR16.FNT
CALIGR18.FNT
CALIGR20.FNT
CLEAN.A11
CLEAN.A8
CONT06.FNT
CONT08.FNT
CONT10.FNT
CONT12.FNT
CONT14.FNT
CONT16.FNT
CONT18.FNT
CONT20.FNT
DECO24.FNT
DECO48.FNT
EARLY14.FNT
ISOLCSAN.A11
ISOLCSAN.A13
ISOLCSAN.A15
ISOLCSER.A15
KOI8SANS.A11
KOI8SANS.A13
KOI8SANS.A15
LATIN.A12
LATIN.A18
LATIN.A24
MONOBS07.FNT
MONOBS10.FNT
MONOBS14.FNT
MONOBS18.FNT
MONOBS36.FNT
MOSKVA.A11
MOSKVA.A15
MOSKVA.A22
MOSKVA.A30
POCO.FNT
SCIFI08.FNT
SERB06.FNT
