box textbox.c:25
yes_box textbox.c:25
no_box textbox.c:25
find_text_box textbox.c:40
undraw_tbox textbox.c:76
d_top_lines_of_box textbox.c:89
draw_white_box textbox.c:114
draw_yes_no_box textbox.c:122
draw_continue_box textbox.c:181
inbox textbox.c:225
poll_yes_no textbox.c:234
leftover vbat.c:13
linecount vbat.c:14
symline vbat.c:15
bat_file vbat.c:16
bat_file_name vbat.c:17
sym vbat.c:19
sym_ptr vbat.c:19
g_num vbat.c:20
symchars vbat.c:21
public_buffer vbat.c:22
file_loop vbat.c:24
file_cur_loop vbat.c:25
theres_more vbat.c:27
file_loop_found vbat.c:28
in_loop_cycle vbat.c:29
bat_closed vbat.c:31
just_checkin_bat vbat.c:33
was_eof vbat.c:34
resv_words vbat.c:52
resv_line_words vbat.c:71
switches vbat.c:86
my_isspace vbat.c:109
my_getc vbat.c:122
getsym vbat.c:139
is_resv_word vbat.c:184
is_resv_line_word vbat.c:193
is_switch vbat.c:203
is_number vbat.c:229
do_trans_parm vbat.c:255
do_param_line vbat.c:300
do_loop vbat.c:378
bat_err vbat.c:394
bat_line vbat.c:451
bat_fopen vbat.c:484
bat_fclose vbat.c:504
batch_process vbat.c:518
bat_init vbat.c:604
frame1off view.c:14
user_defined_speed view.c:16
ctrl_hit view.c:34
ascii_value view.c:35
ctrl_lock view.c:36
view_fli_loop view.c:41
get_key view.c:102
key_effect view.c:188
break_key view.c:249
freeze_frame view.c:273
play_gif view.c:340
play_fli view.c:517
transit_from_white view.c:547
transit_to_white view.c:575
bgetbuf bfile.c:75
bflush bfile.c:84
default2_cursor brush.c:8
default_cursor brush.c:15
cinsert cursorda.c:10
ckill cursorda.c:17
DUMP_FILE debug.c:3
dumptofile debug.c:5
OPENDUMP debug.c:28
DUMPINT debug.c:37
CLOSEDUMP debug.c:44
gif_byte_buff decoder.c:71
de_handler diskerr.c:6
init_de diskerr.c:12
get_device dosstuff.c:279
get_devices dosstuff.c:295
valid_device dosstuff.c:336
mcurrent_drawer dosstuff.c:352
make_dir dosstuff.c:385
dfree dosstuff.c:401
clip_rmove_menu feelmenu.c:23
rmove_menu feelmenu.c:39
break_menu feelmenu.c:94
menu_ok feelmenu.c:94
rksel feelmenu.c:169
toggle_group feelmenu.c:238
fcancel_sel filedata.c:28
fok_sel filedata.c:40
fdev16_sel filedata.c:67
fdev15_sel filedata.c:79
fdev14_sel filedata.c:91
fdev13_sel filedata.c:103
fdev12_sel filedata.c:115
fdev11_sel filedata.c:127
fdev10_sel filedata.c:139
fdev9_sel filedata.c:151
fdev8_sel filedata.c:163
fdev7_sel filedata.c:175
fdev6_sel filedata.c:187
fdev5_sel filedata.c:199
fdev4_sel filedata.c:211
fdev2_sel filedata.c:235
rootdir_sel filedata.c:247
und_wild filedata.c:259
fwildp_sel filedata.c:277
fdrawerp_sel filedata.c:307
und_file filedata.c:319
ffilep_sel filedata.c:336
fdown_sel filedata.c:362
fscroll_sel2 filedata.c:375
fup_sel filedata.c:400
cur_fileq filedata.c:440
fileq_list filedata.c:441
go_stringq filedata.c:449
see_dummy filedata.c:456
ffeelscroll2 filedata.c:462
fscroller_top filemenu.c:23
redisplay_drawer filemenu.c:24
path_buf filemenu.c:26
fileq_result filemenu.c:27
wild_lst filemenu.c:28
search_all filemenu.c:29
new_drawer filemenu.c:34
init_fscroller filemenu.c:124
redraw_fscroller filemenu.c:134
add_wild filemenu.c:270
build_wild_list filemenu.c:299
attr_wild_list filemenu.c:311
make_path_name filemenu.c:347
rtrm filemenu.c:375
fix_suffix filemenu.c:387
remove_suffix filemenu.c:420
fq_ok_plus filemenu.c:426
inc_file filemenu.c:433
hook_devices filemenu.c:473
notafli fli.c:7
fli_has_colors fli.c:18
uncompfli fli.c:20
not_fli_frame fli.c:74
gb_read_next_frame fli.c:108
poke_bg gfx.c:9
flash_bg gfx.c:29
flash_green gfx.c:38
flash_red gfx.c:44
flash_blue gfx.c:50
exchange_form gfx.c:63
color_form gfx.c:71
zero_lots gfx.c:79
sscale_by gfx.c:122
rscale_by gfx.c:145
exchange_bytes gfx.c:167
gif gif.c:9
gim gif.c:10
gif_bf gif.c:15
gif_stretch gif.c:16
shift_cmap gif.c:22
pure_white initcmap.c:97
pure_black initcmap.c:98
mcideals initcmap.c:106
f_colors initcmap.c:126
sys5 initcmap.c:140
check_cmap initcmap.c:145
lastx input.c:9
lasty input.c:9
init_input input.c:74
umouse input.c:92
scursor input.c:97
ucursor input.c:107
ccursor input.c:115
c_input input.c:140
wait_rup input.c:250
jexists jfile.c:5
jdelete jfile.c:18
jrename jfile.c:31
jcreate jfile.c:46
jreadwrite jfile.c:96
read_gulp jfile.c:226
write_gulp jfile.c:248
cant_create jfile.c:271
overwrite_old jfile.c:304
check_abort jfile.c:334
alt_screen main.c:12
mouse_mess main.c:16
main main.c:23
do_args main.c:70
do_main_loop main.c:101
speed_val mainmenu.c:46
frame_sl mainmenu.c:49
tmu_spdsl_sel mainmenu.c:52
tmu_spdtag_sel mainmenu.c:63
tmu_frame_sl_sel mainmenu.c:75
tmu_play_sel mainmenu.c:86
tmu_down_sel mainmenu.c:97
tmu_up_sel mainmenu.c:108
jump_to_frame mainmenu.c:188
feel_time_slider mainmenu.c:193
see_time_slider mainmenu.c:218
fil_lob_pull mainpull.c:6
fil_log_pull mainpull.c:14
fil_loa_pull mainpull.c:22
rfil_pull mainpull.c:30
fil_pull mainpull.c:38
sys_qui_pull mainpull.c:46
sys_dot_pull mainpull.c:54
sys_abo_pull mainpull.c:62
rsys_pull mainpull.c:70
sys_pull mainpull.c:78
ustrcmp names.c:23
cmp_name_list names.c:84
sort_list names.c:93
sort_array names.c:138
bitmasks names.c:195
getbit names.c:201
setbit names.c:208
p_load_fli prj1.c:28
p_load_gif prj1.c:48
zero_palette prj1.c:66
p_load_bat prj1.c:79
beep prj1.c:145
about prj1.c:267
status prj1.c:283
clear_screen prj1.c:288
menu_down pull.c:68
sel_hi pull.c:69
abehind pull.c:72
bbehind pull.c:72
cbehind pull.c:72
undraw_pull pull.c:265
save_behind pull.c:284
see_pull pull.c:302
draw_pull pull.c:316
unxmenu pull.c:328
xone pull.c:338
xonflag pull.c:347
enable_pulls pull.c:357
which_key_pull pull.c:369
hidemc pull.c:395
usr_font rfont.c:14
systext rfont.c:18
gftext rfont.c:46
fchar_width rfont.c:128
fstring_width rfont.c:171
font_cel_height rfont.c:186
scroll scroller.c:17
sredraw scroller.c:18
calc_scroll_pos scroller.c:20
end_clip_scroll scroller.c:100
fpagedown scroller.c:112
fpageup scroller.c:121
prt_list scroller.c:212
which_sel scroller.c:273
fincu scroller.c:312
fincd scroller.c:330
blit_menu seeme.c:12
sunder_menu seeme.c:21
unblit_menu seeme.c:41
draw_a_menu seeme.c:57
qdraw_a_menu seeme.c:64
bright seeme.c:106
box_cut_corner seeme.c:143
diag_inside seeme.c:171
ccorner_inside seeme.c:180
mb_ccorner seeme.c:187
mb_isquare seeme.c:194
mb_dcorner seeme.c:201
mb_inside seeme.c:208
greytext seeme.c:222
move_tab_text seeme.c:260
ncorner_text seeme.c:269
ncorner_int seeme.c:277
ncorner_number seeme.c:283
ncnum seeme.c:289
ncorner_cursor seeme.c:304
gbnumber seeme.c:337
gbnumber_plus1 seeme.c:344
left_text seeme.c:355
color_block1 seemenu.c:10
grey_block seemenu.c:38
uh_group seemenu.c:121
sixhi_ch_ofst sixhi.c:154
make_knob slider.c:19
qslide_where slider.c:55
see_qsleft slider.c:73
see_qsright slider.c:86
resee_knob slider.c:110
erase_knob slider.c:117
inc_qsl slider.c:123
dec_qsl slider.c:135
erase_last stringq.c:14
draw_stringq stringq.c:26
exchange_buf stringq.c:44
back_copy_bytes stringq.c:58
see_stringq stringq.c:69
stringq_xor_cursor stringq.c:83
feel_stringq stringq.c:91
blocks_out stubs.c:4
thash stubs2.c:9
bhash stubs2.c:10
tcolor stubs2.c:11
rerr stubs2.c:30
gerr stubs2.c:30
berr stubs2.c:30
flush_dither_err stubs2.c:32
