Loading device driver...
...driver loaded successfully.

Verifying contents of Vdevice structure...
...verification of Vdevice structure complete.

Verifying contents of Vdevice_lib structure...
...verification of Vdevice_lib structure complete.

Testing get_modes() and mode_text() for modes 0 thru 266...
  Calling get_modes() for mode 0.
  Calling mode_text() for mode 0.
  Mode info/text testing completed for mode 0
  Calling get_modes() for mode 1.
  Calling mode_text() for mode 1.
  Mode info/text testing completed for mode 1
  Calling get_modes() for mode 2.
  Calling mode_text() for mode 2.
  Mode info/text testing completed for mode 2
  Calling get_modes() for mode 3.
  Calling mode_text() for mode 3.
  Mode info/text testing completed for mode 3
  Calling get_modes() for mode 4.
  Calling mode_text() for mode 4.
  Mode info/text testing completed for mode 4
  Calling get_modes() for mode 5.
  Calling mode_text() for mode 5.
  Mode info/text testing completed for mode 5
  Calling get_modes() for mode 6.
  Calling mode_text() for mode 6.
  Mode info/text testing completed for mode 6
  Calling get_modes() for mode 7.
  Calling mode_text() for mode 7.
  Mode info/text testing completed for mode 7
  Calling get_modes() for mode 8.
  Calling mode_text() for mode 8.
  Mode info/text testing completed for mode 8
  Calling get_modes() for mode 9.
  Calling mode_text() for mode 9.
  Mode info/text testing completed for mode 9
  Calling get_modes() for mode 10.
  Calling mode_text() for mode 10.
  Mode info/text testing completed for mode 10
  Calling get_modes() for mode 11.
  Calling mode_text() for mode 11.
  Mode info/text testing completed for mode 11
  Calling get_modes() for mode 12.
  Calling mode_text() for mode 12.
  Mode info/text testing completed for mode 12
  Calling get_modes() for mode 13.
  Calling mode_text() for mode 13.
  Mode info/text testing completed for mode 13
  Calling get_modes() for mode 14.
  Calling mode_text() for mode 14.
  Mode info/text testing completed for mode 14
  Calling get_modes() for mode 15.
  Calling mode_text() for mode 15.
  Mode info/text testing completed for mode 15
  Calling get_modes() for mode 16.
  Calling mode_text() for mode 16.
  Mode info/text testing completed for mode 16
  Calling get_modes() for mode 17.
  Calling mode_text() for mode 17.
  Mode info/text testing completed for mode 17
  Calling get_modes() for mode 18.
  Calling mode_text() for mode 18.
  Mode info/text testing completed for mode 18
  Calling get_modes() for mode 19.
  Calling mode_text() for mode 19.
  Mode info/text testing completed for mode 19
  Calling get_modes() for mode 20.
  Calling mode_text() for mode 20.
  Mode info/text testing completed for mode 20
  Calling get_modes() for mode 21.
  Calling mode_text() for mode 21.
  Mode info/text testing completed for mode 21
  Calling get_modes() for mode 22.
  Calling mode_text() for mode 22.
  Mode info/text testing completed for mode 22
  Calling get_modes() for mode 23.
  Calling mode_text() for mode 23.
  Mode info/text testing completed for mode 23
  Calling get_modes() for mode 24.
  Calling mode_text() for mode 24.
  Mode info/text testing completed for mode 24
  Calling get_modes() for mode 25.
  Calling mode_text() for mode 25.
  Mode info/text testing completed for mode 25
  Calling get_modes() for mode 26.
  Calling mode_text() for mode 26.
  Mode info/text testing completed for mode 26
  Calling get_modes() for mode 27.
  Calling mode_text() for mode 27.
  Mode info/text testing completed for mode 27
  Calling get_modes() for mode 28.
  Calling mode_text() for mode 28.
  Mode info/text testing completed for mode 28
  Calling get_modes() for mode 29.
  Calling mode_text() for mode 29.
  Mode info/text testing completed for mode 29
  Calling get_modes() for mode 30.
  Calling mode_text() for mode 30.
  Mode info/text testing completed for mode 30
  Calling get_modes() for mode 31.
  Calling mode_text() for mode 31.
  Mode info/text testing completed for mode 31
  Calling get_modes() for mode 32.
  Calling mode_text() for mode 32.
  Mode info/text testing completed for mode 32
  Calling get_modes() for mode 33.
  Calling mode_text() for mode 33.
  Mode info/text testing completed for mode 33
  Calling get_modes() for mode 34.
  Calling mode_text() for mode 34.
  Mode info/text testing completed for mode 34
  Calling get_modes() for mode 35.
  Calling mode_text() for mode 35.
  Mode info/text testing completed for mode 35
  Calling get_modes() for mode 36.
  Calling mode_text() for mode 36.
  Mode info/text testing completed for mode 36
  Calling get_modes() for mode 37.
  Calling mode_text() for mode 37.
  Mode info/text testing completed for mode 37
  Calling get_modes() for mode 38.
  Calling mode_text() for mode 38.
  Mode info/text testing completed for mode 38
  Calling get_modes() for mode 39.
  Calling mode_text() for mode 39.
  Mode info/text testing completed for mode 39
  Calling get_modes() for mode 40.
  Calling mode_text() for mode 40.
  Mode info/text testing completed for mode 40
  Calling get_modes() for mode 41.
  Calling mode_text() for mode 41.
  Mode info/text testing completed for mode 41
  Calling get_modes() for mode 42.
  Calling mode_text() for mode 42.
  Mode info/text testing completed for mode 42
  Calling get_modes() for mode 43.
  Calling mode_text() for mode 43.
  Mode info/text testing completed for mode 43
  Calling get_modes() for mode 44.
  Calling mode_text() for mode 44.
  Mode info/text testing completed for mode 44
  Calling get_modes() for mode 45.
  Calling mode_text() for mode 45.
  Mode info/text testing completed for mode 45
  Calling get_modes() for mode 46.
  Calling mode_text() for mode 46.
  Mode info/text testing completed for mode 46
  Calling get_modes() for mode 47.
  Calling mode_text() for mode 47.
  Mode info/text testing completed for mode 47
  Calling get_modes() for mode 48.
  Calling mode_text() for mode 48.
  Mode info/text testing completed for mode 48
  Calling get_modes() for mode 49.
  Calling mode_text() for mode 49.
  Mode info/text testing completed for mode 49
  Calling get_modes() for mode 50.
  Calling mode_text() for mode 50.
  Mode info/text testing completed for mode 50
  Calling get_modes() for mode 51.
  Calling mode_text() for mode 51.
  Mode info/text testing completed for mode 51
  Calling get_modes() for mode 52.
  Calling mode_text() for mode 52.
  Mode info/text testing completed for mode 52
  Calling get_modes() for mode 53.
  Calling mode_text() for mode 53.
  Mode info/text testing completed for mode 53
  Calling get_modes() for mode 54.
  Calling mode_text() for mode 54.
  Mode info/text testing completed for mode 54
  Calling get_modes() for mode 55.
  Calling mode_text() for mode 55.
  Mode info/text testing completed for mode 55
  Calling get_modes() for mode 56.
  Calling mode_text() for mode 56.
  Mode info/text testing completed for mode 56
  Calling get_modes() for mode 57.
  Calling mode_text() for mode 57.
  Mode info/text testing completed for mode 57
  Calling get_modes() for mode 58.
  Calling mode_text() for mode 58.
  Mode info/text testing completed for mode 58
  Calling get_modes() for mode 59.
  Calling mode_text() for mode 59.
  Mode info/text testing completed for mode 59
  Calling get_modes() for mode 60.
  Calling mode_text() for mode 60.
  Mode info/text testing completed for mode 60
  Calling get_modes() for mode 61.
  Calling mode_text() for mode 61.
  Mode info/text testing completed for mode 61
  Calling get_modes() for mode 62.
  Calling mode_text() for mode 62.
  Mode info/text testing completed for mode 62
  Calling get_modes() for mode 63.
  Calling mode_text() for mode 63.
  Mode info/text testing completed for mode 63
  Calling get_modes() for mode 64.
  Calling mode_text() for mode 64.
  Mode info/text testing completed for mode 64
  Calling get_modes() for mode 65.
  Calling mode_text() for mode 65.
  Mode info/text testing completed for mode 65
  Calling get_modes() for mode 66.
  Calling mode_text() for mode 66.
  Mode info/text testing completed for mode 66
  Calling get_modes() for mode 67.
  Calling mode_text() for mode 67.
  Mode info/text testing completed for mode 67
  Calling get_modes() for mode 68.
  Calling mode_text() for mode 68.
  Mode info/text testing completed for mode 68
  Calling get_modes() for mode 69.
  Calling mode_text() for mode 69.
  Mode info/text testing completed for mode 69
  Calling get_modes() for mode 70.
  Calling mode_text() for mode 70.
  Mode info/text testing completed for mode 70
  Calling get_modes() for mode 71.
  Calling mode_text() for mode 71.
  Mode info/text testing completed for mode 71
  Calling get_modes() for mode 72.
  Calling mode_text() for mode 72.
  Mode info/text testing completed for mode 72
  Calling get_modes() for mode 73.
  Calling mode_text() for mode 73.
  Mode info/text testing completed for mode 73
  Calling get_modes() for mode 74.
  Calling mode_text() for mode 74.
  Mode info/text testing completed for mode 74
  Calling get_modes() for mode 75.
  Calling mode_text() for mode 75.
  Mode info/text testing completed for mode 75
  Calling get_modes() for mode 76.
  Calling mode_text() for mode 76.
  Mode info/text testing completed for mode 76
  Calling get_modes() for mode 77.
  Calling mode_text() for mode 77.
  Mode info/text testing completed for mode 77
  Calling get_modes() for mode 78.
  Calling mode_text() for mode 78.
  Mode info/text testing completed for mode 78
  Calling get_modes() for mode 79.
  Calling mode_text() for mode 79.
  Mode info/text testing completed for mode 79
  Calling get_modes() for mode 80.
  Calling mode_text() for mode 80.
  Mode info/text testing completed for mode 80
  Calling get_modes() for mode 81.
  Calling mode_text() for mode 81.
  Mode info/text testing completed for mode 81
  Calling get_modes() for mode 82.
  Calling mode_text() for mode 82.
  Mode info/text testing completed for mode 82
  Calling get_modes() for mode 83.
  Calling mode_text() for mode 83.
  Mode info/text testing completed for mode 83
  Calling get_modes() for mode 84.
  Calling mode_text() for mode 84.
  Mode info/text testing completed for mode 84
  Calling get_modes() for mode 85.
  Calling mode_text() for mode 85.
  Mode info/text testing completed for mode 85
  Calling get_modes() for mode 86.
  Calling mode_text() for mode 86.
  Mode info/text testing completed for mode 86
  Calling get_modes() for mode 87.
  Calling mode_text() for mode 87.
  Mode info/text testing completed for mode 87
  Calling get_modes() for mode 88.
  Calling mode_text() for mode 88.
  Mode info/text testing completed for mode 88
  Calling get_modes() for mode 89.
  Calling mode_text() for mode 89.
  Mode info/text testing completed for mode 89
  Calling get_modes() for mode 90.
  Calling mode_text() for mode 90.
  Mode info/text testing completed for mode 90
  Calling get_modes() for mode 91.
  Calling mode_text() for mode 91.
  Mode info/text testing completed for mode 91
  Calling get_modes() for mode 92.
  Calling mode_text() for mode 92.
  Mode info/text testing completed for mode 92
  Calling get_modes() for mode 93.
  Calling mode_text() for mode 93.
  Mode info/text testing completed for mode 93
  Calling get_modes() for mode 94.
  Calling mode_text() for mode 94.
  Mode info/text testing completed for mode 94
  Calling get_modes() for mode 95.
  Calling mode_text() for mode 95.
  Mode info/text testing completed for mode 95
  Calling get_modes() for mode 96.
  Calling mode_text() for mode 96.
  Mode info/text testing completed for mode 96
  Calling get_modes() for mode 97.
  Calling mode_text() for mode 97.
  Mode info/text testing completed for mode 97
  Calling get_modes() for mode 98.
  Calling mode_text() for mode 98.
  Mode info/text testing completed for mode 98
  Calling get_modes() for mode 99.
  Calling mode_text() for mode 99.
  Mode info/text testing completed for mode 99
  Calling get_modes() for mode 100.
  Calling mode_text() for mode 100.
  Mode info/text testing completed for mode 100
  Calling get_modes() for mode 101.
  Calling mode_text() for mode 101.
  Mode info/text testing completed for mode 101
  Calling get_modes() for mode 102.
  Calling mode_text() for mode 102.
  Mode info/text testing completed for mode 102
  Calling get_modes() for mode 103.
  Calling mode_text() for mode 103.
  Mode info/text testing completed for mode 103
  Calling get_modes() for mode 104.
  Calling mode_text() for mode 104.
  Mode info/text testing completed for mode 104
  Calling get_modes() for mode 105.
  Calling mode_text() for mode 105.
  Mode info/text testing completed for mode 105
  Calling get_modes() for mode 106.
  Calling mode_text() for mode 106.
  Mode info/text testing completed for mode 106
  Calling get_modes() for mode 107.
  Calling mode_text() for mode 107.
  Mode info/text testing completed for mode 107
  Calling get_modes() for mode 108.
  Calling mode_text() for mode 108.
  Mode info/text testing completed for mode 108
  Calling get_modes() for mode 109.
  Calling mode_text() for mode 109.
  Mode info/text testing completed for mode 109
  Calling get_modes() for mode 110.
  Calling mode_text() for mode 110.
  Mode info/text testing completed for mode 110
  Calling get_modes() for mode 111.
  Calling mode_text() for mode 111.
  Mode info/text testing completed for mode 111
  Calling get_modes() for mode 112.
  Calling mode_text() for mode 112.
  Mode info/text testing completed for mode 112
  Calling get_modes() for mode 113.
  Calling mode_text() for mode 113.
  Mode info/text testing completed for mode 113
  Calling get_modes() for mode 114.
  Calling mode_text() for mode 114.
  Mode info/text testing completed for mode 114
  Calling get_modes() for mode 115.
  Calling mode_text() for mode 115.
  Mode info/text testing completed for mode 115
  Calling get_modes() for mode 116.
  Calling mode_text() for mode 116.
  Mode info/text testing completed for mode 116
  Calling get_modes() for mode 117.
  Calling mode_text() for mode 117.
  Mode info/text testing completed for mode 117
  Calling get_modes() for mode 118.
  Calling mode_text() for mode 118.
  Mode info/text testing completed for mode 118
  Calling get_modes() for mode 119.
  Calling mode_text() for mode 119.
  Mode info/text testing completed for mode 119
  Calling get_modes() for mode 120.
  Calling mode_text() for mode 120.
  Mode info/text testing completed for mode 120
  Calling get_modes() for mode 121.
  Calling mode_text() for mode 121.
  Mode info/text testing completed for mode 121
  Calling get_modes() for mode 122.
  Calling mode_text() for mode 122.
  Mode info/text testing completed for mode 122
  Calling get_modes() for mode 123.
  Calling mode_text() for mode 123.
  Mode info/text testing completed for mode 123
  Calling get_modes() for mode 124.
  Calling mode_text() for mode 124.
  Mode info/text testing completed for mode 124
  Calling get_modes() for mode 125.
  Calling mode_text() for mode 125.
  Mode info/text testing completed for mode 125
  Calling get_modes() for mode 126.
  Calling mode_text() for mode 126.
  Mode info/text testing completed for mode 126
  Calling get_modes() for mode 127.
  Calling mode_text() for mode 127.
  Mode info/text testing completed for mode 127
  Calling get_modes() for mode 128.
  Calling mode_text() for mode 128.
  Mode info/text testing completed for mode 128
  Calling get_modes() for mode 129.
  Calling mode_text() for mode 129.
  Mode info/text testing completed for mode 129
  Calling get_modes() for mode 130.
  Calling mode_text() for mode 130.
  Mode info/text testing completed for mode 130
  Calling get_modes() for mode 131.
  Calling mode_text() for mode 131.
  Mode info/text testing completed for mode 131
  Calling get_modes() for mode 132.
  Calling mode_text() for mode 132.
  Mode info/text testing completed for mode 132
  Calling get_modes() for mode 133.
  Calling mode_text() for mode 133.
  Mode info/text testing completed for mode 133
  Calling get_modes() for mode 134.
  Calling mode_text() for mode 134.
  Mode info/text testing completed for mode 134
  Calling get_modes() for mode 135.
  Calling mode_text() for mode 135.
  Mode info/text testing completed for mode 135
  Calling get_modes() for mode 136.
  Calling mode_text() for mode 136.
  Mode info/text testing completed for mode 136
  Calling get_modes() for mode 137.
  Calling mode_text() for mode 137.
  Mode info/text testing completed for mode 137
  Calling get_modes() for mode 138.
  Calling mode_text() for mode 138.
  Mode info/text testing completed for mode 138
  Calling get_modes() for mode 139.
  Calling mode_text() for mode 139.
  Mode info/text testing completed for mode 139
  Calling get_modes() for mode 140.
  Calling mode_text() for mode 140.
  Mode info/text testing completed for mode 140
  Calling get_modes() for mode 141.
  Calling mode_text() for mode 141.
  Mode info/text testing completed for mode 141
  Calling get_modes() for mode 142.
  Calling mode_text() for mode 142.
  Mode info/text testing completed for mode 142
  Calling get_modes() for mode 143.
  Calling mode_text() for mode 143.
  Mode info/text testing completed for mode 143
  Calling get_modes() for mode 144.
  Calling mode_text() for mode 144.
  Mode info/text testing completed for mode 144
  Calling get_modes() for mode 145.
  Calling mode_text() for mode 145.
  Mode info/text testing completed for mode 145
  Calling get_modes() for mode 146.
  Calling mode_text() for mode 146.
  Mode info/text testing completed for mode 146
  Calling get_modes() for mode 147.
  Calling mode_text() for mode 147.
  Mode info/text testing completed for mode 147
  Calling get_modes() for mode 148.
  Calling mode_text() for mode 148.
  Mode info/text testing completed for mode 148
  Calling get_modes() for mode 149.
  Calling mode_text() for mode 149.
  Mode info/text testing completed for mode 149
  Calling get_modes() for mode 150.
  Calling mode_text() for mode 150.
  Mode info/text testing completed for mode 150
  Calling get_modes() for mode 151.
  Calling mode_text() for mode 151.
  Mode info/text testing completed for mode 151
  Calling get_modes() for mode 152.
  Calling mode_text() for mode 152.
  Mode info/text testing completed for mode 152
  Calling get_modes() for mode 153.
  Calling mode_text() for mode 153.
  Mode info/text testing completed for mode 153
  Calling get_modes() for mode 154.
  Calling mode_text() for mode 154.
  Mode info/text testing completed for mode 154
  Calling get_modes() for mode 155.
  Calling mode_text() for mode 155.
  Mode info/text testing completed for mode 155
  Calling get_modes() for mode 156.
  Calling mode_text() for mode 156.
  Mode info/text testing completed for mode 156
  Calling get_modes() for mode 157.
  Calling mode_text() for mode 157.
  Mode info/text testing completed for mode 157
  Calling get_modes() for mode 158.
  Calling mode_text() for mode 158.
  Mode info/text testing completed for mode 158
  Calling get_modes() for mode 159.
  Calling mode_text() for mode 159.
  Mode info/text testing completed for mode 159
  Calling get_modes() for mode 160.
  Calling mode_text() for mode 160.
  Mode info/text testing completed for mode 160
  Calling get_modes() for mode 161.
  Calling mode_text() for mode 161.
  Mode info/text testing completed for mode 161
  Calling get_modes() for mode 162.
  Calling mode_text() for mode 162.
  Mode info/text testing completed for mode 162
  Calling get_modes() for mode 163.
  Calling mode_text() for mode 163.
  Mode info/text testing completed for mode 163
  Calling get_modes() for mode 164.
  Calling mode_text() for mode 164.
  Mode info/text testing completed for mode 164
  Calling get_modes() for mode 165.
  Calling mode_text() for mode 165.
  Mode info/text testing completed for mode 165
  Calling get_modes() for mode 166.
  Calling mode_text() for mode 166.
  Mode info/text testing completed for mode 166
  Calling get_modes() for mode 167.
  Calling mode_text() for mode 167.
  Mode info/text testing completed for mode 167
  Calling get_modes() for mode 168.
  Calling mode_text() for mode 168.
  Mode info/text testing completed for mode 168
  Calling get_modes() for mode 169.
  Calling mode_text() for mode 169.
  Mode info/text testing completed for mode 169
  Calling get_modes() for mode 170.
  Calling mode_text() for mode 170.
  Mode info/text testing completed for mode 170
  Calling get_modes() for mode 171.
  Calling mode_text() for mode 171.
  Mode info/text testing completed for mode 171
  Calling get_modes() for mode 172.
  Calling mode_text() for mode 172.
  Mode info/text testing completed for mode 172
  Calling get_modes() for mode 173.
  Calling mode_text() for mode 173.
  Mode info/text testing completed for mode 173
  Calling get_modes() for mode 174.
  Calling mode_text() for mode 174.
  Mode info/text testing completed for mode 174
  Calling get_modes() for mode 175.
  Calling mode_text() for mode 175.
  Mode info/text testing completed for mode 175
  Calling get_modes() for mode 176.
  Calling mode_text() for mode 176.
  Mode info/text testing completed for mode 176
  Calling get_modes() for mode 177.
  Calling mode_text() for mode 177.
  Mode info/text testing completed for mode 177
  Calling get_modes() for mode 178.
  Calling mode_text() for mode 178.
  Mode info/text testing completed for mode 178
  Calling get_modes() for mode 179.
  Calling mode_text() for mode 179.
  Mode info/text testing completed for mode 179
  Calling get_modes() for mode 180.
  Calling mode_text() for mode 180.
  Mode info/text testing completed for mode 180
  Calling get_modes() for mode 181.
  Calling mode_text() for mode 181.
  Mode info/text testing completed for mode 181
  Calling get_modes() for mode 182.
  Calling mode_text() for mode 182.
  Mode info/text testing completed for mode 182
  Calling get_modes() for mode 183.
  Calling mode_text() for mode 183.
  Mode info/text testing completed for mode 183
  Calling get_modes() for mode 184.
  Calling mode_text() for mode 184.
  Mode info/text testing completed for mode 184
  Calling get_modes() for mode 185.
  Calling mode_text() for mode 185.
  Mode info/text testing completed for mode 185
  Calling get_modes() for mode 186.
  Calling mode_text() for mode 186.
  Mode info/text testing completed for mode 186
  Calling get_modes() for mode 187.
  Calling mode_text() for mode 187.
  Mode info/text testing completed for mode 187
  Calling get_modes() for mode 188.
  Calling mode_text() for mode 188.
  Mode info/text testing completed for mode 188
  Calling get_modes() for mode 189.
  Calling mode_text() for mode 189.
  Mode info/text testing completed for mode 189
  Calling get_modes() for mode 190.
  Calling mode_text() for mode 190.
  Mode info/text testing completed for mode 190
  Calling get_modes() for mode 191.
  Calling mode_text() for mode 191.
  Mode info/text testing completed for mode 191
  Calling get_modes() for mode 192.
  Calling mode_text() for mode 192.
  Mode info/text testing completed for mode 192
  Calling get_modes() for mode 193.
  Calling mode_text() for mode 193.
  Mode info/text testing completed for mode 193
  Calling get_modes() for mode 194.
  Calling mode_text() for mode 194.
  Mode info/text testing completed for mode 194
  Calling get_modes() for mode 195.
  Calling mode_text() for mode 195.
  Mode info/text testing completed for mode 195
  Calling get_modes() for mode 196.
  Calling mode_text() for mode 196.
  Mode info/text testing completed for mode 196
  Calling get_modes() for mode 197.
  Calling mode_text() for mode 197.
  Mode info/text testing completed for mode 197
  Calling get_modes() for mode 198.
  Calling mode_text() for mode 198.
  Mode info/text testing completed for mode 198
  Calling get_modes() for mode 199.
  Calling mode_text() for mode 199.
  Mode info/text testing completed for mode 199
  Calling get_modes() for mode 200.
  Calling mode_text() for mode 200.
  Mode info/text testing completed for mode 200
  Calling get_modes() for mode 201.
  Calling mode_text() for mode 201.
  Mode info/text testing completed for mode 201
  Calling get_modes() for mode 202.
  Calling mode_text() for mode 202.
  Mode info/text testing completed for mode 202
  Calling get_modes() for mode 203.
  Calling mode_text() for mode 203.
  Mode info/text testing completed for mode 203
  Calling get_modes() for mode 204.
  Calling mode_text() for mode 204.
  Mode info/text testing completed for mode 204
  Calling get_modes() for mode 205.
  Calling mode_text() for mode 205.
  Mode info/text testing completed for mode 205
  Calling get_modes() for mode 206.
  Calling mode_text() for mode 206.
  Mode info/text testing completed for mode 206
  Calling get_modes() for mode 207.
  Calling mode_text() for mode 207.
  Mode info/text testing completed for mode 207
  Calling get_modes() for mode 208.
  Calling mode_text() for mode 208.
  Mode info/text testing completed for mode 208
  Calling get_modes() for mode 209.
  Calling mode_text() for mode 209.
  Mode info/text testing completed for mode 209
  Calling get_modes() for mode 210.
  Calling mode_text() for mode 210.
  Mode info/text testing completed for mode 210
  Calling get_modes() for mode 211.
  Calling mode_text() for mode 211.
  Mode info/text testing completed for mode 211
  Calling get_modes() for mode 212.
  Calling mode_text() for mode 212.
  Mode info/text testing completed for mode 212
  Calling get_modes() for mode 213.
  Calling mode_text() for mode 213.
  Mode info/text testing completed for mode 213
  Calling get_modes() for mode 214.
  Calling mode_text() for mode 214.
  Mode info/text testing completed for mode 214
  Calling get_modes() for mode 215.
  Calling mode_text() for mode 215.
  Mode info/text testing completed for mode 215
  Calling get_modes() for mode 216.
  Calling mode_text() for mode 216.
  Mode info/text testing completed for mode 216
  Calling get_modes() for mode 217.
  Calling mode_text() for mode 217.
  Mode info/text testing completed for mode 217
  Calling get_modes() for mode 218.
  Calling mode_text() for mode 218.
  Mode info/text testing completed for mode 218
  Calling get_modes() for mode 219.
  Calling mode_text() for mode 219.
  Mode info/text testing completed for mode 219
  Calling get_modes() for mode 220.
  Calling mode_text() for mode 220.
  Mode info/text testing completed for mode 220
  Calling get_modes() for mode 221.
  Calling mode_text() for mode 221.
  Mode info/text testing completed for mode 221
  Calling get_modes() for mode 222.
  Calling mode_text() for mode 222.
  Mode info/text testing completed for mode 222
  Calling get_modes() for mode 223.
  Calling mode_text() for mode 223.
  Mode info/text testing completed for mode 223
  Calling get_modes() for mode 224.
  Calling mode_text() for mode 224.
  Mode info/text testing completed for mode 224
  Calling get_modes() for mode 225.
  Calling mode_text() for mode 225.
  Mode info/text testing completed for mode 225
  Calling get_modes() for mode 226.
  Calling mode_text() for mode 226.
  Mode info/text testing completed for mode 226
  Calling get_modes() for mode 227.
  Calling mode_text() for mode 227.
  Mode info/text testing completed for mode 227
  Calling get_modes() for mode 228.
  Calling mode_text() for mode 228.
  Mode info/text testing completed for mode 228
  Calling get_modes() for mode 229.
  Calling mode_text() for mode 229.
  Mode info/text testing completed for mode 229
  Calling get_modes() for mode 230.
  Calling mode_text() for mode 230.
  Mode info/text testing completed for mode 230
  Calling get_modes() for mode 231.
  Calling mode_text() for mode 231.
  Mode info/text testing completed for mode 231
  Calling get_modes() for mode 232.
  Calling mode_text() for mode 232.
  Mode info/text testing completed for mode 232
  Calling get_modes() for mode 233.
  Calling mode_text() for mode 233.
  Mode info/text testing completed for mode 233
  Calling get_modes() for mode 234.
  Calling mode_text() for mode 234.
  Mode info/text testing completed for mode 234
  Calling get_modes() for mode 235.
  Calling mode_text() for mode 235.
  Mode info/text testing completed for mode 235
  Calling get_modes() for mode 236.
  Calling mode_text() for mode 236.
  Mode info/text testing completed for mode 236
  Calling get_modes() for mode 237.
  Calling mode_text() for mode 237.
  Mode info/text testing completed for mode 237
  Calling get_modes() for mode 238.
  Calling mode_text() for mode 238.
  Mode info/text testing completed for mode 238
  Calling get_modes() for mode 239.
  Calling mode_text() for mode 239.
  Mode info/text testing completed for mode 239
  Calling get_modes() for mode 240.
  Calling mode_text() for mode 240.
  Mode info/text testing completed for mode 240
  Calling get_modes() for mode 241.
  Calling mode_text() for mode 241.
  Mode info/text testing completed for mode 241
  Calling get_modes() for mode 242.
  Calling mode_text() for mode 242.
  Mode info/text testing completed for mode 242
  Calling get_modes() for mode 243.
  Calling mode_text() for mode 243.
  Mode info/text testing completed for mode 243
  Calling get_modes() for mode 244.
  Calling mode_text() for mode 244.
  Mode info/text testing completed for mode 244
  Calling get_modes() for mode 245.
  Calling mode_text() for mode 245.
  Mode info/text testing completed for mode 245
  Calling get_modes() for mode 246.
  Calling mode_text() for mode 246.
  Mode info/text testing completed for mode 246
  Calling get_modes() for mode 247.
  Calling mode_text() for mode 247.
  Mode info/text testing completed for mode 247
  Calling get_modes() for mode 248.
  Calling mode_text() for mode 248.
  Mode info/text testing completed for mode 248
  Calling get_modes() for mode 249.
  Calling mode_text() for mode 249.
  Mode info/text testing completed for mode 249
  Calling get_modes() for mode 250.
  Calling mode_text() for mode 250.
  Mode info/text testing completed for mode 250
  Calling get_modes() for mode 251.
  Calling mode_text() for mode 251.
  Mode info/text testing completed for mode 251
  Calling get_modes() for mode 252.
  Calling mode_text() for mode 252.
  Mode info/text testing completed for mode 252
  Calling get_modes() for mode 253.
  Calling mode_text() for mode 253.
  Mode info/text testing completed for mode 253
  Calling get_modes() for mode 254.
  Calling mode_text() for mode 254.
  Mode info/text testing completed for mode 254
  Calling get_modes() for mode 255.
  Calling mode_text() for mode 255.
  Mode info/text testing completed for mode 255
  Calling get_modes() for mode 256.
  Calling mode_text() for mode 256.
  Mode info/text testing completed for mode 256
  Calling get_modes() for mode 257.
  Calling mode_text() for mode 257.
  Mode info/text testing completed for mode 257
  Calling get_modes() for mode 258.
  Calling mode_text() for mode 258.
  Mode info/text testing completed for mode 258
  Calling get_modes() for mode 259.
  Calling mode_text() for mode 259.
  Mode info/text testing completed for mode 259
  Calling get_modes() for mode 260.
  Calling mode_text() for mode 260.
  Mode info/text testing completed for mode 260
  Calling get_modes() for mode 261.
  Calling mode_text() for mode 261.
  Mode info/text testing completed for mode 261
  Calling get_modes() for mode 262.
  Calling mode_text() for mode 262.
  Mode info/text testing completed for mode 262
  Calling get_modes() for mode 263.
  Calling mode_text() for mode 263.
  Mode info/text testing completed for mode 263
  Calling get_modes() for mode 264.
  Calling mode_text() for mode 264.
  Mode info/text testing completed for mode 264
  Calling get_modes() for mode 265.
  Calling mode_text() for mode 265.
  Mode info/text testing completed for mode 265
  Calling get_modes() for mode 266.
  Calling mode_text() for mode 266.
  Mode info/text testing completed for mode 266
...mode info/text testing completed for modes 0 thru 266

Attempting to get mode_info for non-existant mode 536...
  Attempting to get mode_text() for mode 536.
...testing of mode info/text error handling completed.

Testing detect() call...
...testing of detect() function completed.

Testing open_graphics() call for mode 0...
...open_graphics() testing completed successfully.

Verifying contents of Raster structure for primary display raster...
...verification of Raster structure complete.

Verifying contents of Rastlib structure for primary display raster...
...verification of Rastlib structure complete.

Testing bypassed for open_cel(), not provided by driver.

Calling wait_vsync() then set_colors() to set default test palette...
>>> Elapsed time =   0.0090 seconds.
...default color palette set.

Testing put_dot() with solid color...
>>> Elapsed time =   0.0170 seconds.
...put_dot() testing completed.

Testing get_dot() for solid color...
Error:   get_dot() returned 255, expected to find 1, at x=0 y=0.
>>> Elapsed time =   0.0010 seconds.
...get_dot() testing completed.

Testing put_dot() with a changing color value...
>>> Elapsed time =   0.0170 seconds.
...put_dot() testing completed.

Testing get_dot() with a changing color value...
Error:   get_dot() returned 255, expected to find 1, at x=0 y=0.
>>> Elapsed time =   0.0010 seconds.
...get_dot() testing completed.

Unloading driver...
  close_device() will be called, followed by the rex-layer
  cleanup routine (if any).
...driver successfully unloaded.

