Module: a1blit.asm
GROUP: 'DGROUP' CONST,_BSS,_DATA

Segment: _TEXT WORD USE16 00000000 bytes

Routine Size: 0 bytes,    Routine Base: _TEXT + 0000

No disassembly errors

Segment: A1B_TEXT WORD USE16 00000096 bytes
0000                          _a1blit:
0000    55                        push        bp 
0001    8B EC                     mov         bp,sp 
0003    06                        push        es 
0004    1E                        push        ds 
0005    56                        push        si 
0006    57                        push        di 
0007    53                        push        bx 
0008    51                        push        cx 
0009    9A 00 00 00 00            call        _TEXT:clipblit 
000E    72 7E                     jb          L$7 
0010    8B 46 10                  mov         ax,word ptr 0x10[bp] 
0013    8E D8                     mov         ds,ax 
0015    8B 46 0C                  mov         ax,word ptr 0xc[bp] 
0018    8B 5E 12                  mov         bx,word ptr 0x12[bp] 
001B    F7 E3                     mul         bx 
001D    8B 5E 0A                  mov         bx,word ptr 0xa[bp] 
0020    B1 03                     mov         cl,0x03 
0022    D3 EB                     shr         bx,cl 
0024    03 C3                     add         ax,bx 
0026    01 46 0E                  add         word ptr 0xe[bp],ax 
0029    C4 7E 18                  les         di,dword ptr 0x18[bp] 
002C    8B 46 16                  mov         ax,word ptr 0x16[bp] 
002F    8B 5E 1C                  mov         bx,word ptr 0x1c[bp] 
0032    F7 E3                     mul         bx 
0034    03 F8                     add         di,ax 
0036    03 7E 14                  add         di,word ptr 0x14[bp] 
0039    89 7E 18                  mov         word ptr 0x18[bp],di 
003C    8A 4E 0A                  mov         cl,byte ptr 0xa[bp] 
003F    80 E1 07                  and         cl,0x07 
0042    B2 80                     mov         dl,0x80 
0044    D2 EA                     shr         dl,cl 
0046    8A 46 1E                  mov         al,byte ptr 0x1e[bp] 
0049    EB 33                     jmp         L$5 
004B    90                        nop         
004C    EB 40                     jmp         L$7 
004E    90                        nop         
004F                          L$1:
004F    8B 4E 06                  mov         cx,word ptr 0x6[bp] 
0052    8A F2                     mov         dh,dl 
0054    8B 76 0E                  mov         si,word ptr 0xe[bp] 
0057    8B 7E 18                  mov         di,word ptr 0x18[bp] 
005A    8A 24                     mov         ah,byte ptr [si] 
005C    46                        inc         si 
005D                          L$2:
005D    84 E6                     test        dh,ah 
005F    75 0A                     jne         L$3 
0061    47                        inc         di 
0062    D0 EE                     shr         dh,0x01 
0064    74 1F                     je          L$6 
0066    E2 F5                     loop        L$2 
0068    EB 08                     jmp         L$4 
006A    90                        nop         
006B                          L$3:
006B    AA                        stosb       
006C    D0 EE                     shr         dh,0x01 
006E    74 15                     je          L$6 
0070    E2 EB                     loop        L$2 
0072                          L$4:
0072    8B 5E 12                  mov         bx,word ptr 0x12[bp] 
0075    01 5E 0E                  add         word ptr 0xe[bp],bx 
0078    8B 5E 1C                  mov         bx,word ptr 0x1c[bp] 
007B    01 5E 18                  add         word ptr 0x18[bp],bx 
007E                          L$5:
007E    FF 4E 08                  dec         word ptr 0x8[bp] 
0081    78 0B                     js          L$7 
0083    EB CA                     jmp         L$1 
0085                          L$6:
0085    8A 24                     mov         ah,byte ptr [si] 
0087    46                        inc         si 
0088    B6 80                     mov         dh,0x80 
008A    E2 D1                     loop        L$2 
008C    EB E4                     jmp         L$4 
008E                          L$7:
008E    59                        pop         cx 
008F    5B                        pop         bx 
0090    5F                        pop         di 
0091    5E                        pop         si 
0092    1F                        pop         ds 
0093    07                        pop         es 
0094    5D                        pop         bp 
0095    CB                        retf        

Routine Size: 150 bytes,    Routine Base: A1B_TEXT + 0000

No disassembly errors

Segment: _DATA WORD USE16 00000000 bytes

Segment: CONST WORD USE16 00000000 bytes

Segment: _BSS WORD USE16 00000000 bytes

BSS Size: 0 bytes

