
a3d.c:
"Not a good OPTICS file"
"Load Optics Move?"
".OPT"
"Save Optics Move?"
".OPT"

a3ddat.c:
"Y"
"X"
"XY"
"PROPORTIONAL"
"MOUSE CONTROL"
"X"
"Y"
"Z"
"ZY"
"XZ"
"XY"
"MOUSE CONTROL"
"1"
"1/2"
"1/4"
"1/6"
"1/8"
"1/360"
"Z"
"Y"
"X"
"SAME AS SPIN"
"DEFAULT"
"SAME AS SIZE"
"DEFAULT"
"ENLARGE"
"REDUCE"
"BOTH"
"Y"
"X"
"CENTER"
"TURNS"
"AXIS"
"CENTER"
"CLOSED"
"OPEN"
"SAVE"
"LOAD"
"VIEW"
"EDIT"
"CLOCKED"
"SAMPLED"
"POLYGON"
"SPLINE"
"PATH"
"MOVE"
"SIZE"
"SPIN"
"CLEAR TRACK"
"CONTINUE MOVE"
"USE"
"WIREFRAME"
"k"
"m"
"f"
"T"
"a"
"s"
"f"
"OPTICS"
"POINTS - %d"
"TRAVELS"
"%d %d %d"
"SPANS"
"%d %d %d"
"%d.%2d"

a3dpull.c:
" OUTLINE"
"----------"
" SPLINE"
" POLYGON"
" CEL"
" PIC"
"ELEMENT"
" COMPLETE"
" REVERSE"
" PING-PONG"
" STILL"
" OUT SLOW"
" IN SLOW"
"MOVEMENT"
"FILES..."
"SQUASH"
"SPIN SMALL"
"WHIRL"
"TWIRL"
"SPIN"
"PULL BACK"
"CLEAR ALL"
"PRESETS"

alt.c:

arctan.c:

auto.c:
"%4d\n"
"transparent"
"zero clear"
"key color clear"
"cancel"
"Type of trail effect"

autoseg.c:

backward.c:
"Save flic backwards?"
".FLI"

bfile.c:

blue.c:

browse.c:
"l"
"k"
"j"
"i"
"g"
"f"
"e"
"d"
"c"
"b"
"a"
"\\"
".."
"drive"
"ok"
"cancel"
"delete"
"info"
"view"
".FLI"
".FLI"
"%d frames in %ld bytes"
"Average frame size %ld"
"Speed %d jiffies/frame"
""
"*.FLI"
"Browse Flics"
"Load"


cel.c:
"Not a CEL file"
"get cel"

cfont.c:
"w"
"0x%x,"
"\n"
"};\n"
"%d,"
"\n"
"};\n"
"0x%x, %d, \"%s\", %d, %d,\n"
"%d, %d, %d, %d, %d,\n"
"%d, %d, %d, %d,\n"
"%d, %d, 0x%x, 0x%x,\n"
"%d, %d,\n"
"NULL,};\n"
"Bad font file format"
"%s.FNT"

"%c %s"

circle.c:

cleanup.c:

cline.c:

cluster.c:
" %s (%d %d %d)      "
" start %d   "
"start"
"stop"
"Max blend percent?"
"tinting source"
"Max tint percent?"
"Near Color"
"No unused colors."
"Number of unused colors for cluster?"
" Start %3d Colors %3d Stop %3d"
" Source %3d"
" Destination %3d"

comprs.c:
"end of data"
"min_code_size"

config.c:
"H:VVTEMP.FLX"
"H:VVTEMP2.FLX"
"H:VVTEMP.REC"
"H:VVTEMP.PIC"
"H:VVTEMP2.PIC"
"H:VVTEMP.CEL"
"H:VVTEMP.TXT"
"H:VVTEMP.CCL"
"H:VVTEMP.MSK"
"H:VVTEMP.PLY"
"H:VVTEMP1.PLY"
"H:VVTEMP2.PLY"
"H:VVTEMPP.PLY"
"H:VVTEMP3.PIC"
"H:VVTEMP.XXX"
"H:VVTEMP.OPT"
"DEFAULT.FLX"
"v.cfg"
" COM 1"
" COM 2"
" COM 3"
" COM 4"
" CANCEL"
"Select com port for tablet"
"Microsoft Compatible Mouse"
"Set serial port for tablet"
"Cancel"
"Video Paint normal clock."
"Adjust Clock Configuration"
" Drive for temporary files."
" Save current settings."
" Clock driver"
" Input Device (Mouse/Tablet)"
" Display coordinates"
" Cancel"
"Adjust Vpaint Configuration"

cpack.c:

csort.c:
"Squeeze"


cursorda.c:

decoder.c:

diskerr.c:

dissolve.c:

dosstuff.c:
"%c:\\%s"

drawmode.c:
"Xor"
"V Grad"
"Vertical Gradient: apply cluster colors from top to bottom."
"Unzag"
"Antialias (soften) staircase edges.  Doesn't affect vertical or \
horizontal edges."
"Tile"
"Sweep"
"Remove isolated pixels."
"Split"
is pixel offset."
"Spark"
"Soften"
"Smear"
"Drag colors gently in direction of mouse motion.  (See pull for a \
strong smear.)"
"Scrape"
"R Grad"
center below."
"Pull"
"Drag colors strongly in direction of mouse motion.  (See smear for a \
gentle smear.)"
"Opaque"
"L Grad"
edge."
"Jumble"
"Hollow"
"H Grad"
"Grey"
"Glow"
"Glaze"
"Glass"
"Make a single transparent layer. Release mouse button or start a new \
"Emboss"
 set."
"Dark"
"Close"
"Add"
"Add register number of current color to image modula 256."
"Center"

ellipse.c:

fccomp.c:
"skip"

feelmenu.c:

filedata.c:
"Cancel"
"OK"
"+"
"N:"
"M:"
"L:"
"K:"
"J:"
"I:"
"H:"
"G:"
"F:"
"E:"
"D:"
"C:"
"B:"
"A:"
".."
"\\"
"*.*"
"Wildcard:"
"r:"
"Dir:"
"zippy"
"File:"

filemenu.c:
"*.*"
"\\"
"\\"
"*%s"
"%s%s"
"*.*"
"\\"
""
"\\"
"%2ld"
"*%s"

files.c:
".FLI"
".GIF"
".CEL"
".COL"
".TXT"
".FNT"
".PLY"
".PLY"
".3FX"
".SET"
".MSK"
".REC"
"record"
"mask"
"settings"
"optic"
"polygon"
"font"
"text"
"palette"
"cel"
"picture"
"flic"
"delete"
"save"
"load"
"exit"
"FILES"
".PLY"
".PLY"
"Load polygon file?"
".PLY"
"Save polygon file?"
".PLY"
"File information"
""
"%ld bytes"
"pm"
"am"
"%d/%d/%d %d:%d:%d %s"
"Delete a file?"

findfree.c:

fli.c:
"Isn't a FLI file, sorry"
"Bad magic! Not a FLI frame."

flood.c:

freem.c:

gel.c:

geometry.c:

gfx.c:

gif.c:
"GIF87a"
"File isn't 320x200."
"Use Crop to convert it."
"Not a good GIF file"
"Unknown GIF revision, sorry"

globals.c:
""
"untitled"
"GEM6X6"

grid.c:
" use"
" create"
" paste"
" view"
" Exit Menu"
"Grid Snap Control"

hlstorgb.c:

init.c:
"Use arrow keys to move cursor."
"Mouse not installed."
"Tablet not installed."
""
"Not a VGA/MCGA display, sorry"
"couldn't allocate undo..."

initcmap.c:

input.c:

jfile.c:
"Sorry Video Paint can't create:"
"Sorry Video Paint can't find:"
""
"File truncated!"
"Overwrite old"
"%s?"
"File mangled:"
"Abort multiple-frame rendering"
"on frame %u of %u?"
"Really delete file permanently?"

lccomp.c:
"skip"

loadpix.c:
""
"2 - RGB 8x8x4"
"3 - RGB 6x6x6"
"%ld true colors used"
"Finding best color map"
"PIX FILE"
"PIX FILE"

macro.c:
"Not a good macro file."
"No macro recording defined."
"Macro truncated, aborting..."
"   Stop Macro Playback?   "
"Write error on macro file!"
"Save a macro recording file?"
".REC"
"Load a macro recording file?"
".REC"

main.c:
"GARY YOST"
"Vpaint isn't configured."
"Assuming defaults."

mainpull.c:
"INFO       ?"
"CONFIGURE..."
"SETTINGS..."
"Record..."
"GRID..."
"MASK..."
"EXTRA"
"FLIP FIVE       5"
"SEGMENT FLIP [cr]"
"LOOP SEGMENT"
"REPEAT CHANGES"
"CLIP CHANGES"
"ERASE GUIDES"
"INSERT TWEEN"
"NEXT BLUE"
"UNBLUE FRAME"
"BLUE FRAME"
"TRACE"
"FILES..."
"RELEASE"
"OPTIONS..."
"1 COLOR"
"TURN"
"STRETCH"
"BELOW"
"PASTE    `"
"MOVE     M"
"GET  [esc]"
"CLIP [tab]"
"CEL"
"RELEASE ALT"
"VIEW ALT"
"PASTE ALT"
"SWAP ALT"
"CLIP ALT"
"ALT"
"FILES..."
"View"
"SEPARATE"
"APPLY INK"
"RESTORE"
"CLEAR   X"
"PIC"
"FILES..."
"EFFECTS..."
"BACKWARDS..."
"JOIN..."
"COMPOSITE..."
"RESET"
"NEW        N"
"FLIC"
"QUIT       Q"
"------------"
"TITLING"
"INK TYPES"
"DRAW TOOLS"
"PALETTE    @"
"OPTICS     O"
"FRAMES"
"BROWSE FLICS"
"ABOUT VPAINT"
"VPAINT"

marqi.c:
"Dotout"
"dotout"
" %3d %3d"
" %3d %3d  (%3d %3d)  %3d %3d"
" (%3d %3d ) (%4d %4d )"

mask.c:

memory.c:
"Out of Memory"
"%x bad START_COOKIE %lx\n"
"%x bad END_COOKIE %lx\n"
"Someone's stomping free memory!"
"Zero memory request!"
"Heap in a bad way."
"Someone stepped on lo memory!"

multimen.c:
"Time Select"
"auto-vec"
"to all"
"to segment"
"to frame"
"complete"
"Out Slow"
"In Slow"
"reverse"
"ping-pong"
"still"
"render"
"preview"
"cancel"
"k"
"m"
"f"
"T"
"Time Select"

names.c:

onepal.c:
"Too many colors, try less frames."
"%d total colors used, packing..."

options.c:
"TEXT"
fonts below."
"STREAK"
"STAR"
(Tweenable)"
"SPRAY"
below."
"SPLINE"
"CURVED SPLINE.  SET CURVATURE BELOW.  LOAD AND SAVE FROM POLY TOOL.  \
(TWEENABLE)"
"SPIRAL"
"SHAPE"
(Tweenable)"
"SEP."
"RPOLY"
"REGULAR POLYGON:  ALL SIDES SAME LENGTH.  Set points below.  (Tweenable)"
"POLY"
"Irregular polygon:  define one point at a time.  (Tweenable)"
"PETAL"
"OVAL"
"MOVE"
"LINE"
"GEL"
"FILLTO"
"FILL"
"APPLY INK TO ALL PIXELS UNTIL STOPPED BY A DIFFERENT COLOR."
"EDGE"
"DRIZ."
"DRIZZLE:  LINE GETS THINNER WITH FASTER MOTION.  BEST WITH A MEDIUM TO \
LARGE BRUSH."
"DRAW"
"HOLD DOWN LEFT BUTTON TO APPLY UNBROKEN LINE USING CURRENT BRUSH."
"CIRCLE"
"MAKE A CIRCLE.  USES CURRENT BRUSH IF NOT FILLED."
"BOX"
"DRAW A RECTANGLE.  USES CURRENT BRUSH IF NOT FILLED."
"FONT"
"SAVE"
"LOAD"
"EDIT"
"REUSE"
"NEAR THRESHOLD"
"BOXED"
"NEAR"
"CLUSTER"
"SINGLE"
"SPRAY WIDTH"
"AIR SPEED"
"BIAS"
"CONT"
"TENS"
"2 COLOR"
"FILLED"
"CLOSED"
"REUSE"
"TWEEN"
"2 COLOR"
"FILLED"
"FILES"
"TWEEN"
"REUSE"
"CLOSED"
"2 COLOR"
"FILLED"
"2 COLOR"
"FILLED"
"POINTS:"
"2 COLOR"
"FILLED"
"POINTS:"
"INNER RADIUS RATIO"
"Load Text?"
".TXT"
"Save Text?"
".TXT"
"DRAWING TOOLS"
"INK TYPES"

overlay.c:
"composite..."
"Cross-fade"
"Cancel"
"Combine color maps."
"Keep current colors."
"Use overlay colors."
"No Fitting"
"cancel"
"Overlay %s"
"Underlay %s"
"Composite functions"
"Wrap at end"
"Composite overlay"
"Composite underlay"
"Composite cross fade"
".FLI"
"Overlay past end?"

palet2.c:
"rgb"
"B"
"A"
"CLUSTER"
"ALL"
"T"
"FIT"
"UNDO"
"palette"
"Load a Palette?"
".COL"
"Color fit screen?"
"Save a Palette?"
".COL"
" r %d  g %d  b %d"

palpull.c:
"blend"
"paste"
"cut"
"default"
"use cel"
"negative"
"tint"
"ramp"
"squeeze"
"value"
"trade clusters"
"cycle"
"gradients"
"spectrums"
"luma sort"
"arrange"
"reverse"
"ping-pong"
"invert"
"near colors"
"find ramp"
"line cluster"
"unused colors"
"get cluster"
"cluster"
" files..."
" menu colors"
" one palette"
" cycle draw"
" restore"
"palette"
"Make all frames use one color map?"

pentools.c:

polytool.c:

pstamp.c:

pull.c:
"windowing"
"menu"

qnumber.c:
"cancel"
"ok"
"%d"

quickdat.c:
"K"
"M"
"T"
"F"
"UNDO"
"ZOOM"
"VPAINT"
"color %d rgb %d %d %d"

random.c:

render.c:

rfont.c:
"SAIL.FNT"
"SAIL.FNT"

rotate.c:
"segment-list"
"%4d"

savefli.c:

savepic.c:
".PIC"
"Not a PIC file"
"Not a VGA file"

scanedge.c:
"Oops too big"

screen.c:

scroller.c:

seeme.c:
"seeme"
"%d"

seemenu.c:
"seeme"
"%d"


sep.c:

"line %d of %d"

sintab.c:

"6x6 system font"

slider.c:
"%d"

spiral.c:
" %6ld degrees"

splice.c:
"to end"
"to start"
"cancel"
"Cut"
"Transition"
"Cancel"
"Fade Out"
"Wipe"
"Venetian"
"Dissolve"
"Circle Wipe"
"Cancel"
"Join flic?"
"Join flic to end?"
"Join flic to start?"
".FLI"
"Transition type"
"Frames in transition"
"Too many frames, sorry."

spline.c:

sqrroot.c:

status.c:
"Video Paint Info:"
""
"%ld bytes free %ld largest"
"next frame update %ld"
"total updates %ld average %ld"
"%ld free on drive %c"
"    Video Paint Beta 3"
"         4/26/89"
"    (c) 1989 Jim Kent"
"by Dancing Flame/Yost Group"
"Confidential to Autodesk"
"       Bob Bennett      "

"%5d%% x %5d%% y"

stringq.c:
" "

summa.c:

tempflx.c:

textbox.c:
"gadget"
"box"
"Continue"
"Stand By"
"Yes"
"No"

textedit.c:
"Text too big, only saving first"
"32000 bytes, sorry."
" "
"adding a line"
"\n"
""
"Select a Font"
".FNT"

textwind.c:


time.c:
"How many frames to insert at current frame?"
"How many frames (starting from current frame) to delete?"
"Expanding frames_in_table"

timemenu.c:
"*5"
"*3"
"*2"
"D"
"C"
"B"
"A"
"MARKS"
"D"
"C"
"B"
"A"
"SEGMENT"
"TIME SELECT"
"PLAY SPEED"
"delete"
"insert"
"FRAMES"
"Jump to frame number?"

title.c:
"fill line"
"center"
"left"
"frame count"
"by pixel"
"still"
"type on"
"scroll across"
"scroll up"
"load font"
"place window"
"load text"
"edit text"
"new text"
"do titling"
"justify"
"scrolling"
"movement"
"titling"
"To get one frame per scroll"
" "
"you'd need %ld frames."

truecolo.c:

tseg.c:
"Time Segment
   selector"
"a"
"s"
"f"
"%s%d of %d"
"-"
""

tween.c:
"Set start position"
"Adjust start"
"Set end position"
"Adjust end"
"End to start"
"Do Tween"
"Exit menu"
"Tweening options"

vpaint.c:
"Reset to default flix?"
"DEFAULT.FLX"
"New Flic - abandon current flic?"
"Load settings file?"
".SET"
"Save settings file?"
".SET"
"Not a good settings file"
"Load Mask?"
".MSK"
"Save Mask?"
".MSK"
"Load Cel?"
".CEL"
"Save Cel?"
".CEL"
"Load a Picture?"
".GIF"
"Save a Picture?"
".GIF"
".GIF"
".ADL"
".PIC"
"Load a flic?"
".FLI"
"Save a flic?"
".FLI"
"* Clear Key Color"
"* Auto Fit Colors"
"  Exit Menu"
"Cel Options"
"start record"
"end record"
"use macro"
"repeat macro"
"realtime record"
"files..."
"CANCEL"
"Macro Recording"
" Use"
" Create"
" Clip"
" Invert"
" View"
" Paste"
" Release"
" Files..."
" Exit Menu"
"Mask Menu"
"%x"
" %c: drive %8ld bytes free"
"MORE"
"CANCEL"
"%ld bytes free."
"Expand x2"
"Crop"
"Trails"
"Pixelate"
"Engrave"
"Lace"
"Greys Only"
"Blue Numbers"
"CANCEL"
"Special Effects"
"    Exit Video Paint?    "

vpsubs.c:

window.c:

wordwrap.c:
" "

writefli.c:

zoom.c:
"  Times 2 "
"  Times 4"
"  Cancel"
"Set zoom level"
